<?xml version="1.0" encoding="UTF-8"?>
<!-- Generated by org.testng.reporters.JUnitReportReporter -->
<testsuite skipped="1" hostname="ПК-ПК" name="com.w2a.testcases.AddCustomerTest" tests="4" failures="0" timestamp="29 Jul 2018 22:46:11 GMT" time="13.996" errors="0">
  <testcase name="addCustomerTest" time="0.002" classname="com.w2a.testcases.AddCustomerTest">
    <skipped/>
  </testcase> <!-- addCustomerTest -->
  <testcase name="addCustomerTest" time="4.493" classname="com.w2a.testcases.AddCustomerTest"/>
  <testcase name="addCustomerTest" time="4.408" classname="com.w2a.testcases.AddCustomerTest"/>
  <testcase name="addCustomerTest" time="5.093" classname="com.w2a.testcases.AddCustomerTest"/>
</testsuite> <!-- com.w2a.testcases.AddCustomerTest -->
