<?xml version="1.0" encoding="UTF-8"?>
<!-- Generated by org.testng.reporters.JUnitReportReporter -->
<testsuite skipped="0" hostname="ПК-ПК" name="com.w2a.testcases.OpenAccountTest" tests="1" failures="0" timestamp="29 Jul 2018 22:46:11 GMT" time="3.134" errors="0">
  <testcase name="openAccountTest" time="3.134" classname="com.w2a.testcases.OpenAccountTest"/>
</testsuite> <!-- com.w2a.testcases.OpenAccountTest -->
