<?xml version="1.0" encoding="UTF-8"?>
<!-- Generated by org.testng.reporters.JUnitReportReporter -->
<testsuite skipped="0" hostname="ПК-ПК" name="com.w2a.testcases.LoginTest" tests="1" failures="0" timestamp="27 Jul 2018 03:58:09 GMT" time="0.531" errors="0">
  <testcase name="loginAsBankManager" time="0.531" classname="com.w2a.testcases.LoginTest"/>
</testsuite> <!-- com.w2a.testcases.LoginTest -->
