<?xml version="1.0" encoding="UTF-8"?>
<!-- Generated by org.testng.reporters.JUnitReportReporter -->
<testsuite skipped="0" hostname="ПК-ПК" name="com.w2a.testcases.BankManagerLoginTest" tests="1" failures="0" timestamp="02 Sep 2018 22:38:59 GMT" time="3.615" errors="0">
  <testcase name="bankManagerLoginTest" time="3.615" classname="com.w2a.testcases.BankManagerLoginTest"/>
</testsuite> <!-- com.w2a.testcases.BankManagerLoginTest -->
