<?xml version="1.0" encoding="UTF-8"?>
<!-- Generated by org.testng.reporters.JUnitReportReporter -->
<testsuite skipped="0" hostname="ПК-ПК" name="com.w2a.testcases.OpenAccountTest" tests="1" failures="0" timestamp="30 Jul 2018 05:20:19 GMT" time="3.148" errors="0">
  <testcase name="openAccountTest" time="3.148" classname="com.w2a.testcases.OpenAccountTest"/>
</testsuite> <!-- com.w2a.testcases.OpenAccountTest -->
