<?xml version="1.0" encoding="UTF-8"?>
<!-- Generated by org.testng.reporters.JUnitReportReporter -->
<testsuite skipped="0" hostname="ПК-ПК" name="com.w2a.testcases.BankManagerLoginTest" tests="1" failures="0" timestamp="30 Jul 2018 05:20:19 GMT" time="3.459" errors="0">
  <testcase name="bankManagerLoginTest" time="3.459" classname="com.w2a.testcases.BankManagerLoginTest"/>
</testsuite> <!-- com.w2a.testcases.BankManagerLoginTest -->
